2021-04-07 21:38:22,106  INFO [main] RunManager:23 - Hey! 9071, Logging everything from here ....
2021-04-07 21:38:22,108  INFO [main] RunManager:24 - Run ID is --> Run-4065
2021-04-07 21:38:22,317  INFO [main] StepsBase:19 - Executing S C E N A R I O : TSBO02_Validation of Fund transfer logs for BRM user
2021-04-07 21:38:30,365  INFO [main] Type:15 - Type the value [SubhaBrm] into element [onlineBanking.backoffice.login.username]
2021-04-07 21:38:30,651  INFO [main] Type:19 - Type Successful!
2021-04-07 21:38:31,653  INFO [main] Type:15 - Type the value [p@55w0rd] into element [onlineBanking.backoffice.login.password]
2021-04-07 21:38:31,809  INFO [main] Type:19 - Type Successful!
2021-04-07 21:38:41,911  INFO [main] Click:30 - Click element [onlineBanking.backoffice.homePage.accounts]
2021-04-07 21:38:41,911  INFO [main] Screenshot:22 - Capture screenshot
2021-04-07 21:38:42,261  INFO [main] Screenshot:28 - Captured!
2021-04-07 21:38:42,366  INFO [main] Click:34 - Click Successful!
2021-04-07 21:38:44,385  INFO [main] Click:30 - Click element [onlineBanking.backoffice.accountsPage.manageClients]
2021-04-07 21:38:44,385  INFO [main] Screenshot:22 - Capture screenshot
2021-04-07 21:38:44,706  INFO [main] Screenshot:28 - Captured!
2021-04-07 21:38:44,789  INFO [main] Click:34 - Click Successful!
2021-04-07 21:38:46,800  INFO [main] Click:30 - Click element [onlineBanking.backoffice.accountSearchPage.search]
2021-04-07 21:38:46,800  INFO [main] Screenshot:22 - Capture screenshot
2021-04-07 21:38:47,128  INFO [main] Screenshot:28 - Captured!
2021-04-07 21:38:47,192  INFO [main] Click:34 - Click Successful!
2021-04-07 21:38:49,197  INFO [main] Type:15 - Type the value [cbautotest1] into element [onlineBanking.backoffice.accountSearchPage.search]
2021-04-07 21:38:49,319  INFO [main] Type:19 - Type Successful!
2021-04-07 21:38:53,427  INFO [main] Verify:130 - Verify element [onlineBanking.backoffice.accountsSearchPage.activeUserID] is Enabled
2021-04-07 21:38:53,464  INFO [main] Verify:135 - Element is Enabled!
2021-04-07 21:38:55,470  INFO [main] Click:30 - Click element [onlineBanking.backoffice.accountsSearchPage.activeUserID]
2021-04-07 21:38:55,470  INFO [main] Screenshot:22 - Capture screenshot
2021-04-07 21:38:55,770  INFO [main] Screenshot:28 - Captured!
2021-04-07 21:38:55,903  INFO [main] Click:34 - Click Successful!
2021-04-07 21:38:57,906  INFO [main] Click:30 - Click element [onlineBanking.backoffice.accounts.accounts.clientUser.activeAccount]
2021-04-07 21:38:57,906  INFO [main] Screenshot:22 - Capture screenshot
2021-04-07 21:38:58,308  INFO [main] Screenshot:28 - Captured!
2021-04-07 21:39:00,026  INFO [main] Click:34 - Click Successful!
2021-04-07 21:39:05,027  INFO [main] Verify:22 - Verify element [onlineBanking.backoffice.accounts.clientUser.fundTransferLog] is present
2021-04-07 21:39:05,043  INFO [main] Verify:24 - Element is present!
2021-04-07 21:39:05,154  INFO [main] Verify:22 - Verify element [onlineBanking.backoffice.accounts.clientUser.EmailBtn.] is present
2021-04-07 21:39:05,169 ERROR [main] StepsBase:27 - S C E N A R I O    F A I L E D !!!!!
2021-04-07 21:39:05,169  INFO [main] Screenshot:22 - Capture screenshot
2021-04-07 21:39:05,629  INFO [main] Screenshot:28 - Captured!
2021-04-07 21:39:06,599  INFO [main] Test:48 - Report is generated @ emailable-results\Run-4065/Automation-Dashboard.html
