2021-04-08 17:29:03,989  INFO [main] RunManager:23 - Hey! 9071, Logging everything from here ....
2021-04-08 17:29:03,991  INFO [main] RunManager:24 - Run ID is --> Run-4072
2021-04-08 17:29:04,211  INFO [main] StepsBase:19 - Executing S C E N A R I O : TSBO02_Validation of Fund transfer logs for BRM user
2021-04-08 17:29:12,011  INFO [main] Type:15 - Type the value [SubhaBrm] into element [onlineBanking.backoffice.login.username]
2021-04-08 17:29:12,271  INFO [main] Type:19 - Type Successful!
2021-04-08 17:29:13,284  INFO [main] Type:15 - Type the value [p@55w0rd] into element [onlineBanking.backoffice.login.password]
2021-04-08 17:29:13,449  INFO [main] Type:19 - Type Successful!
2021-04-08 17:29:23,526  INFO [main] Click:30 - Click element [onlineBanking.backoffice.homePage.accounts]
2021-04-08 17:29:23,526  INFO [main] Screenshot:22 - Capture screenshot
2021-04-08 17:29:23,911  INFO [main] Screenshot:28 - Captured!
2021-04-08 17:29:24,034  INFO [main] Click:34 - Click Successful!
2021-04-08 17:29:26,036  INFO [main] Click:30 - Click element [onlineBanking.backoffice.accountsPage.manageClients]
2021-04-08 17:29:26,036  INFO [main] Screenshot:22 - Capture screenshot
2021-04-08 17:29:26,417  INFO [main] Screenshot:28 - Captured!
2021-04-08 17:29:26,538  INFO [main] Click:34 - Click Successful!
2021-04-08 17:29:28,552  INFO [main] Click:30 - Click element [onlineBanking.backoffice.accountSearchPage.search]
2021-04-08 17:29:28,552  INFO [main] Screenshot:22 - Capture screenshot
2021-04-08 17:29:28,868  INFO [main] Screenshot:28 - Captured!
2021-04-08 17:29:28,942  INFO [main] Click:34 - Click Successful!
2021-04-08 17:29:30,950  INFO [main] Type:15 - Type the value [cbautotest1] into element [onlineBanking.backoffice.accountSearchPage.search]
2021-04-08 17:29:31,069  INFO [main] Type:19 - Type Successful!
2021-04-08 17:29:35,146  INFO [main] Verify:130 - Verify element [onlineBanking.backoffice.accountsSearchPage.activeUserID] is Enabled
2021-04-08 17:29:35,177  INFO [main] Verify:135 - Element is Enabled!
2021-04-08 17:29:37,181  INFO [main] Click:30 - Click element [onlineBanking.backoffice.accountsSearchPage.activeUserID]
2021-04-08 17:29:37,181  INFO [main] Screenshot:22 - Capture screenshot
2021-04-08 17:29:37,519  INFO [main] Screenshot:28 - Captured!
2021-04-08 17:29:37,686  INFO [main] Click:34 - Click Successful!
2021-04-08 17:29:39,689  INFO [main] Click:30 - Click element [onlineBanking.backoffice.accounts.accounts.clientUser.activeAccount]
2021-04-08 17:29:39,689  INFO [main] Screenshot:22 - Capture screenshot
2021-04-08 17:29:40,027  INFO [main] Screenshot:28 - Captured!
2021-04-08 17:29:40,320  INFO [main] Click:34 - Click Successful!
2021-04-08 17:29:45,338  INFO [main] Verify:22 - Verify element [onlineBanking.backoffice.accounts.clientUser.fundTransferLog] is present
2021-04-08 17:29:45,369  INFO [main] Verify:24 - Element is present!
2021-04-08 17:29:50,486  INFO [main] Verify:22 - Verify element [onlineBanking.backoffice.accounts.clientUser.EmailBtn] is present
2021-04-08 17:29:50,501  INFO [main] Verify:24 - Element is present!
2021-04-08 17:29:50,501  INFO [main] Click:30 - Click element [onlineBanking.backoffice.accounts.clientUser.EmailBtn]
2021-04-08 17:29:50,501  INFO [main] Screenshot:22 - Capture screenshot
2021-04-08 17:29:50,871  INFO [main] Screenshot:28 - Captured!
2021-04-08 17:29:50,972  INFO [main] Click:34 - Click Successful!
2021-04-08 17:29:50,972  INFO [main] Click:30 - Click element [onlineBanking.backoffice.common.NoBtn]
2021-04-08 17:29:50,973  INFO [main] Screenshot:22 - Capture screenshot
2021-04-08 17:29:51,488  INFO [main] Screenshot:28 - Captured!
2021-04-08 17:29:51,629  INFO [main] Click:34 - Click Successful!
2021-04-08 17:29:53,647  INFO [main] Verify:22 - Verify element [onlineBanking.backoffice.accounts.clientUser.Email&SMSBtn] is present
2021-04-08 17:29:53,669  INFO [main] Verify:24 - Element is present!
2021-04-08 17:29:53,677  INFO [main] Click:30 - Click element [onlineBanking.backoffice.accounts.clientUser.Email&SMSBtn]
2021-04-08 17:29:53,677  INFO [main] Screenshot:22 - Capture screenshot
2021-04-08 17:29:54,050  INFO [main] Screenshot:28 - Captured!
2021-04-08 17:29:54,144  INFO [main] Click:34 - Click Successful!
2021-04-08 17:29:54,144  INFO [main] Click:30 - Click element [onlineBanking.backoffice.common.NoBtn]
2021-04-08 17:29:54,144  INFO [main] Screenshot:22 - Capture screenshot
2021-04-08 17:29:54,560  INFO [main] Screenshot:28 - Captured!
2021-04-08 17:29:54,639  INFO [main] Click:34 - Click Successful!
2021-04-08 17:29:56,653  INFO [main] Verify:22 - Verify element [onlineBanking.backoffice.accounts.clientUser.SMSBtn] is present
2021-04-08 17:29:56,675  INFO [main] Verify:24 - Element is present!
2021-04-08 17:29:56,675  INFO [main] Click:30 - Click element [onlineBanking.backoffice.accounts.clientUser.SMSBtn]
2021-04-08 17:29:56,675  INFO [main] Screenshot:22 - Capture screenshot
2021-04-08 17:29:57,038  INFO [main] Screenshot:28 - Captured!
2021-04-08 17:29:57,155  INFO [main] Click:34 - Click Successful!
2021-04-08 17:29:57,155  INFO [main] Click:30 - Click element [onlineBanking.backoffice.common.NoBtn]
2021-04-08 17:29:57,155  INFO [main] Screenshot:22 - Capture screenshot
2021-04-08 17:29:57,575  INFO [main] Screenshot:28 - Captured!
2021-04-08 17:29:57,630  INFO [main] Click:34 - Click Successful!
2021-04-08 17:29:57,630  INFO [main] Click:30 - Click element [onlineBanking.backoffice.common.CloseBtn2]
2021-04-08 17:29:57,630  INFO [main] Screenshot:22 - Capture screenshot
2021-04-08 17:29:58,028  INFO [main] Screenshot:28 - Captured!
2021-04-08 17:29:58,135  INFO [main] Click:34 - Click Successful!
2021-04-08 17:29:58,135  INFO [main] Click:30 - Click element [onlineBanking.backoffice.common.CloseBtn1]
2021-04-08 17:29:58,135  INFO [main] Screenshot:22 - Capture screenshot
2021-04-08 17:29:58,593  INFO [main] Screenshot:28 - Captured!
2021-04-08 17:29:58,710  INFO [main] Click:34 - Click Successful!
2021-04-08 17:30:00,721  INFO [main] Click:30 - Click element [onlineBanking.backoffice.homePage.accounts]
2021-04-08 17:30:00,721  INFO [main] Screenshot:22 - Capture screenshot
2021-04-08 17:30:01,075  INFO [main] Screenshot:28 - Captured!
2021-04-08 17:30:01,157  INFO [main] Click:34 - Click Successful!
2021-04-08 17:30:02,170  INFO [main] Click:30 - Click element [onlineBanking.backoffice.homepage.logout]
2021-04-08 17:30:02,170  INFO [main] Screenshot:22 - Capture screenshot
2021-04-08 17:30:02,540  INFO [main] Screenshot:28 - Captured!
2021-04-08 17:30:02,625  INFO [main] Click:34 - Click Successful!
2021-04-08 17:30:03,611  INFO [main] Test:48 - Report is generated @ emailable-results\Run-4072/Automation-Dashboard.html
