2021-04-07 19:22:14,604  INFO [main] RunManager:23 - Hey! 9071, Logging everything from here ....
2021-04-07 19:22:14,604  INFO [main] RunManager:24 - Run ID is --> Run-4063
2021-04-07 19:22:14,916  INFO [main] StepsBase:19 - Executing S C E N A R I O : TSBO02_Validation of Fund transfer logs for BRM user
2021-04-07 19:22:23,016  INFO [main] Type:15 - Type the value [SubhaBrm] into element [onlineBanking.backoffice.login.username]
2021-04-07 19:22:27,832  INFO [main] Type:19 - Type Successful!
2021-04-07 19:22:28,834  INFO [main] Type:15 - Type the value [p@55w0rd] into element [onlineBanking.backoffice.login.password]
2021-04-07 19:22:28,948  INFO [main] Type:19 - Type Successful!
2021-04-07 19:22:39,003  INFO [main] Click:30 - Click element [onlineBanking.backoffice.homePage.accounts]
2021-04-07 19:22:39,005  INFO [main] Screenshot:22 - Capture screenshot
2021-04-07 19:22:39,806  INFO [main] Screenshot:28 - Captured!
2021-04-07 19:23:03,378  INFO [main] Click:34 - Click Successful!
2021-04-07 19:23:05,392  INFO [main] Click:30 - Click element [onlineBanking.backoffice.accountsPage.manageClients]
2021-04-07 19:23:05,392  INFO [main] Screenshot:22 - Capture screenshot
2021-04-07 19:23:05,735  INFO [main] Screenshot:28 - Captured!
2021-04-07 19:23:05,814  INFO [main] Click:34 - Click Successful!
2021-04-07 19:23:07,835  INFO [main] Click:30 - Click element [onlineBanking.backoffice.accountSearchPage.search]
2021-04-07 19:23:07,835  INFO [main] Screenshot:22 - Capture screenshot
2021-04-07 19:23:08,120  INFO [main] Screenshot:28 - Captured!
2021-04-07 19:23:08,183  INFO [main] Click:34 - Click Successful!
2021-04-07 19:23:10,189  INFO [main] Type:15 - Type the value [cbautotest1] into element [onlineBanking.backoffice.accountSearchPage.search]
2021-04-07 19:23:10,312  INFO [main] Type:19 - Type Successful!
2021-04-07 19:23:14,389  INFO [main] Verify:130 - Verify element [onlineBanking.backoffice.accountsSearchPage.activeUserID] is Enabled
2021-04-07 19:23:14,420  INFO [main] Verify:135 - Element is Enabled!
2021-04-07 19:23:16,423  INFO [main] Click:30 - Click element [onlineBanking.backoffice.accountsSearchPage.activeUserID]
2021-04-07 19:23:16,423  INFO [main] Screenshot:22 - Capture screenshot
2021-04-07 19:23:16,721  INFO [main] Screenshot:28 - Captured!
2021-04-07 19:23:16,857  INFO [main] Click:34 - Click Successful!
2021-04-07 19:23:18,870  INFO [main] Click:30 - Click element [onlineBanking.backoffice.accounts.accounts.clientUser.activeAccount]
2021-04-07 19:23:18,870  INFO [main] Screenshot:22 - Capture screenshot
2021-04-07 19:23:19,202  INFO [main] Screenshot:28 - Captured!
2021-04-07 19:23:19,377  INFO [main] Click:34 - Click Successful!
2021-04-07 19:23:24,391  INFO [main] Verify:22 - Verify element [onlineBanking.backoffice.accounts.clientUser.fundTransferLog] is present
2021-04-07 19:23:24,407  INFO [main] Verify:24 - Element is present!
2021-04-07 19:23:24,407  INFO [main] Click:30 - Click element [onlineBanking.backoffice.accounts.clientUser.fundTransferLog]
2021-04-07 19:23:24,407  INFO [main] Screenshot:22 - Capture screenshot
2021-04-07 19:23:24,744  INFO [main] Screenshot:28 - Captured!
2021-04-07 19:23:25,852  INFO [main] Click:39 - Error while clicking the element onlineBanking.backoffice.accounts.clientUser.fundTransferLog
2021-04-07 19:23:25,862 ERROR [main] StepsBase:27 - S C E N A R I O    F A I L E D !!!!!
2021-04-07 19:23:25,862  INFO [main] Screenshot:22 - Capture screenshot
2021-04-07 19:23:26,194  INFO [main] Screenshot:28 - Captured!
2021-04-07 19:23:27,068  INFO [main] Test:48 - Report is generated @ emailable-results\Run-4063/Automation-Dashboard.html
