2021-04-08 00:05:35,594  INFO [main] RunManager:23 - Hey! 9071, Logging everything from here ....
2021-04-08 00:05:35,597  INFO [main] RunManager:24 - Run ID is --> Run-4067
2021-04-08 00:05:35,787  INFO [main] StepsBase:19 - Executing S C E N A R I O : TSBO02_Validation of Fund transfer logs for BRM user
2021-04-08 00:05:43,823  INFO [main] Type:15 - Type the value [SubhaBrm] into element [onlineBanking.backoffice.login.username]
2021-04-08 00:05:44,145  INFO [main] Type:19 - Type Successful!
2021-04-08 00:05:45,162  INFO [main] Type:15 - Type the value [p@55w0rd] into element [onlineBanking.backoffice.login.password]
2021-04-08 00:05:45,361  INFO [main] Type:19 - Type Successful!
2021-04-08 00:05:55,498  INFO [main] Click:30 - Click element [onlineBanking.backoffice.homePage.accounts]
2021-04-08 00:05:55,499  INFO [main] Screenshot:22 - Capture screenshot
2021-04-08 00:05:56,005  INFO [main] Screenshot:28 - Captured!
2021-04-08 00:05:56,164  INFO [main] Click:34 - Click Successful!
2021-04-08 00:05:58,179  INFO [main] Click:30 - Click element [onlineBanking.backoffice.accountsPage.manageClients]
2021-04-08 00:05:58,179  INFO [main] Screenshot:22 - Capture screenshot
2021-04-08 00:05:58,597  INFO [main] Screenshot:28 - Captured!
2021-04-08 00:05:58,730  INFO [main] Click:34 - Click Successful!
2021-04-08 00:06:00,743  INFO [main] Click:30 - Click element [onlineBanking.backoffice.accountSearchPage.search]
2021-04-08 00:06:00,745  INFO [main] Screenshot:22 - Capture screenshot
2021-04-08 00:06:01,117  INFO [main] Screenshot:28 - Captured!
2021-04-08 00:06:01,233  INFO [main] Click:34 - Click Successful!
2021-04-08 00:06:03,241  INFO [main] Type:15 - Type the value [cbautotest1] into element [onlineBanking.backoffice.accountSearchPage.search]
2021-04-08 00:06:03,393  INFO [main] Type:19 - Type Successful!
2021-04-08 00:06:07,504  INFO [main] Verify:130 - Verify element [onlineBanking.backoffice.accountsSearchPage.activeUserID] is Enabled
2021-04-08 00:06:07,562  INFO [main] Verify:135 - Element is Enabled!
2021-04-08 00:06:09,569  INFO [main] Click:30 - Click element [onlineBanking.backoffice.accountsSearchPage.activeUserID]
2021-04-08 00:06:09,569  INFO [main] Screenshot:22 - Capture screenshot
2021-04-08 00:06:09,953  INFO [main] Screenshot:28 - Captured!
2021-04-08 00:06:10,148  INFO [main] Click:34 - Click Successful!
2021-04-08 00:06:12,150  INFO [main] Click:30 - Click element [onlineBanking.backoffice.accounts.accounts.clientUser.activeAccount]
2021-04-08 00:06:12,151  INFO [main] Screenshot:22 - Capture screenshot
2021-04-08 00:06:12,559  INFO [main] Screenshot:28 - Captured!
2021-04-08 00:06:12,764  INFO [main] Click:34 - Click Successful!
2021-04-08 00:06:17,779  INFO [main] Verify:22 - Verify element [onlineBanking.backoffice.accounts.clientUser.fundTransferLog] is present
2021-04-08 00:06:17,817  INFO [main] Verify:24 - Element is present!
2021-04-08 00:06:22,939  INFO [main] Verify:22 - Verify element [onlineBanking.backoffice.accounts.clientUser.EmailBtn.] is present
2021-04-08 00:06:22,954 ERROR [main] StepsBase:27 - S C E N A R I O    F A I L E D !!!!!
2021-04-08 00:06:22,954  INFO [main] Screenshot:22 - Capture screenshot
2021-04-08 00:06:23,390  INFO [main] Screenshot:28 - Captured!
2021-04-08 00:06:24,428  INFO [main] Test:48 - Report is generated @ emailable-results\Run-4067/Automation-Dashboard.html
