2021-04-11 23:27:06,888  INFO [main] RunManager:23 - Hey! 9071, Logging everything from here ....
2021-04-11 23:27:06,888  INFO [main] RunManager:24 - Run ID is --> Run-Auto-11-04-2021-11-27-06
2021-04-11 23:27:07,059  INFO [main] StepsBase:16 - Executing S C E N A R I O : TSB001_Validation of Manage clients tab for BRM user
2021-04-11 23:27:15,285  INFO [main] Type:15 - Type the value [SubhaBrm] into element [onlineBanking.backoffice.login.username]
2021-04-11 23:27:15,542  INFO [main] Type:19 - Type Successful!
2021-04-11 23:27:16,550  INFO [main] Type:15 - Type the value [p@55w0rd] into element [onlineBanking.backoffice.login.password]
2021-04-11 23:27:16,716  INFO [main] Type:19 - Type Successful!
2021-04-11 23:27:26,795  INFO [main] Click:30 - Click element [onlineBanking.backoffice.homePage.accounts]
2021-04-11 23:27:26,796  INFO [main] Screenshot:22 - Capture screenshot
2021-04-11 23:27:27,146  INFO [main] Screenshot:28 - Captured!
2021-04-11 23:27:27,229  INFO [main] Click:34 - Click Successful!
2021-04-11 23:27:29,230  INFO [main] Click:30 - Click element [onlineBanking.backoffice.accountsPage.manageClients]
2021-04-11 23:27:29,230  INFO [main] Screenshot:22 - Capture screenshot
2021-04-11 23:27:29,581  INFO [main] Screenshot:28 - Captured!
2021-04-11 23:27:29,654  INFO [main] Click:34 - Click Successful!
2021-04-11 23:27:31,660  INFO [main] Click:30 - Click element [onlineBanking.backoffice.accountSearchPage.search]
2021-04-11 23:27:31,661  INFO [main] Screenshot:22 - Capture screenshot
2021-04-11 23:27:32,006  INFO [main] Screenshot:28 - Captured!
2021-04-11 23:27:32,050  INFO [main] Click:34 - Click Successful!
2021-04-11 23:27:34,051  INFO [main] Type:15 - Type the value [Subha1] into element [onlineBanking.backoffice.accountSearchPage.search]
2021-04-11 23:27:34,135  INFO [main] Type:19 - Type Successful!
2021-04-11 23:27:38,230  INFO [main] Verify:130 - Verify element [onlineBanking.backoffice.accountsSearchPage.activeUserID] is Enabled
2021-04-11 23:27:38,254  INFO [main] Verify:135 - Element is Enabled!
2021-04-11 23:27:40,274  INFO [main] Type:15 - Type the value [Krish1] into element [onlineBanking.backoffice.accountSearchPage.search]
2021-04-11 23:27:40,365  INFO [main] Type:19 - Type Successful!
2021-04-11 23:27:44,471  INFO [main] Verify:130 - Verify element [onlineBanking.backoffice.accountsSearchPage.activeUserID] is Enabled
2021-04-11 23:27:44,486  INFO [main] Verify:135 - Element is Enabled!
2021-04-11 23:27:46,491  INFO [main] Type:15 - Type the value [9177164171] into element [onlineBanking.backoffice.accountSearchPage.search]
2021-04-11 23:27:46,571  INFO [main] Type:19 - Type Successful!
2021-04-11 23:27:50,647  INFO [main] Verify:130 - Verify element [onlineBanking.backoffice.accountsSearchPage.activeUserID] is Enabled
2021-04-11 23:27:50,685  INFO [main] Verify:135 - Element is Enabled!
2021-04-11 23:27:52,691  INFO [main] Type:15 - Type the value [mamsar_das@yahoo.com] into element [onlineBanking.backoffice.accountSearchPage.search]
2021-04-11 23:27:52,799  INFO [main] Type:19 - Type Successful!
2021-04-11 23:27:56,903  INFO [main] Verify:130 - Verify element [onlineBanking.backoffice.accountsSearchPage.activeUserID] is Enabled
2021-04-11 23:27:56,934  INFO [main] Verify:135 - Element is Enabled!
2021-04-11 23:27:58,940  INFO [main] Type:15 - Type the value [101190027727] into element [onlineBanking.backoffice.accountSearchPage.search]
2021-04-11 23:27:59,041  INFO [main] Type:19 - Type Successful!
2021-04-11 23:28:03,105  INFO [main] Verify:130 - Verify element [onlineBanking.backoffice.accountsSearchPage.activeUserID] is Enabled
2021-04-11 23:28:03,136  INFO [main] Verify:135 - Element is Enabled!
2021-04-11 23:28:05,142  INFO [main] Type:15 - Type the value [123456789123] into element [onlineBanking.backoffice.accountSearchPage.search]
2021-04-11 23:28:05,271  INFO [main] Type:19 - Type Successful!
2021-04-11 23:28:07,553  INFO [main] Verify:215 - Verification success, Element onlineBanking.backoffice.accountsSearchPage.activeUserID not exist in the page
2021-04-11 23:28:09,555  INFO [main] Click:30 - Click element [onlineBanking.backoffice.homePage.accounts]
2021-04-11 23:28:09,555  INFO [main] Screenshot:22 - Capture screenshot
2021-04-11 23:28:09,909  INFO [main] Screenshot:28 - Captured!
2021-04-11 23:28:09,970  INFO [main] Click:34 - Click Successful!
2021-04-11 23:28:10,971  INFO [main] Click:30 - Click element [onlineBanking.backoffice.homepage.logout]
2021-04-11 23:28:10,971  INFO [main] Screenshot:22 - Capture screenshot
2021-04-11 23:28:11,292  INFO [main] Screenshot:28 - Captured!
2021-04-11 23:28:11,356  INFO [main] Click:34 - Click Successful!
2021-04-11 23:28:12,144  INFO [main] StepsBase:16 - Executing S C E N A R I O : TSBO02_Validation of Fund transfer logs for BRM user
2021-04-11 23:28:20,594  INFO [main] Type:15 - Type the value [SubhaBrm] into element [onlineBanking.backoffice.login.username]
2021-04-11 23:28:20,741  INFO [main] Type:19 - Type Successful!
2021-04-11 23:28:21,743  INFO [main] Type:15 - Type the value [p@55w0rd] into element [onlineBanking.backoffice.login.password]
2021-04-11 23:28:21,862  INFO [main] Type:19 - Type Successful!
2021-04-11 23:28:31,927  INFO [main] Click:30 - Click element [onlineBanking.backoffice.homePage.accounts]
2021-04-11 23:28:31,927  INFO [main] Screenshot:22 - Capture screenshot
2021-04-11 23:28:32,298  INFO [main] Screenshot:28 - Captured!
2021-04-11 23:28:32,396  INFO [main] Click:34 - Click Successful!
2021-04-11 23:28:34,404  INFO [main] Click:30 - Click element [onlineBanking.backoffice.accountsPage.manageClients]
2021-04-11 23:28:34,405  INFO [main] Screenshot:22 - Capture screenshot
2021-04-11 23:28:34,743  INFO [main] Screenshot:28 - Captured!
2021-04-11 23:28:34,834  INFO [main] Click:34 - Click Successful!
2021-04-11 23:28:36,848  INFO [main] Click:30 - Click element [onlineBanking.backoffice.accountSearchPage.search]
2021-04-11 23:28:36,848  INFO [main] Screenshot:22 - Capture screenshot
2021-04-11 23:28:37,180  INFO [main] Screenshot:28 - Captured!
2021-04-11 23:28:37,247  INFO [main] Click:34 - Click Successful!
2021-04-11 23:28:39,254  INFO [main] Type:15 - Type the value [cbautotest1] into element [onlineBanking.backoffice.accountSearchPage.search]
2021-04-11 23:28:39,397  INFO [main] Type:19 - Type Successful!
2021-04-11 23:28:43,490  INFO [main] Verify:130 - Verify element [onlineBanking.backoffice.accountsSearchPage.activeUserID] is Enabled
2021-04-11 23:28:43,521  INFO [main] Verify:135 - Element is Enabled!
2021-04-11 23:28:45,527  INFO [main] Click:30 - Click element [onlineBanking.backoffice.accountsSearchPage.activeUserID]
2021-04-11 23:28:45,527  INFO [main] Screenshot:22 - Capture screenshot
2021-04-11 23:28:45,822  INFO [main] Screenshot:28 - Captured!
2021-04-11 23:28:45,965  INFO [main] Click:34 - Click Successful!
2021-04-11 23:28:47,967  INFO [main] Click:30 - Click element [onlineBanking.backoffice.accounts.accounts.clientUser.activeAccount]
2021-04-11 23:28:47,967  INFO [main] Screenshot:22 - Capture screenshot
2021-04-11 23:28:48,419  INFO [main] Screenshot:28 - Captured!
2021-04-11 23:28:51,151  INFO [main] Click:34 - Click Successful!
2021-04-11 23:28:52,032  INFO [main] Test:48 - Report is generated @ emailable-results\Run-Auto-11-04-2021-11-27-06/Automation-Dashboard.html
