2021-04-07 19:20:14,802  INFO [main] RunManager:23 - Hey! 9071, Logging everything from here ....
2021-04-07 19:20:14,802  INFO [main] RunManager:24 - Run ID is --> Run-4062
2021-04-07 19:20:15,003  INFO [main] StepsBase:19 - Executing S C E N A R I O : TSBO02_Validation of Fund transfer logs for BRM user
2021-04-07 19:20:22,985  INFO [main] Type:15 - Type the value [SubhaBrm] into element [onlineBanking.backoffice.login.username]
2021-04-07 19:20:23,230  INFO [main] Type:19 - Type Successful!
2021-04-07 19:20:24,241  INFO [main] Type:15 - Type the value [p@55w0rd] into element [onlineBanking.backoffice.login.password]
2021-04-07 19:20:24,387  INFO [main] Type:19 - Type Successful!
2021-04-07 19:20:34,483  INFO [main] Click:30 - Click element [onlineBanking.backoffice.homePage.accounts]
2021-04-07 19:20:34,483  INFO [main] Screenshot:22 - Capture screenshot
2021-04-07 19:20:34,853  INFO [main] Screenshot:28 - Captured!
2021-04-07 19:20:34,950  INFO [main] Click:34 - Click Successful!
2021-04-07 19:20:36,958  INFO [main] Click:30 - Click element [onlineBanking.backoffice.accountsPage.manageClients]
2021-04-07 19:20:36,958  INFO [main] Screenshot:22 - Capture screenshot
2021-04-07 19:20:37,281  INFO [main] Screenshot:28 - Captured!
2021-04-07 19:20:37,369  INFO [main] Click:34 - Click Successful!
2021-04-07 19:20:39,376  INFO [main] Click:30 - Click element [onlineBanking.backoffice.accountSearchPage.search]
2021-04-07 19:20:39,376  INFO [main] Screenshot:22 - Capture screenshot
2021-04-07 19:20:39,653  INFO [main] Screenshot:28 - Captured!
2021-04-07 19:20:39,756  INFO [main] Click:34 - Click Successful!
2021-04-07 19:20:41,767  INFO [main] Type:15 - Type the value [cbautotest1] into element [onlineBanking.backoffice.accountSearchPage.search]
2021-04-07 19:20:41,883  INFO [main] Type:19 - Type Successful!
2021-04-07 19:20:45,992  INFO [main] Verify:130 - Verify element [onlineBanking.backoffice.accountsSearchPage.activeUserID] is Enabled
2021-04-07 19:20:46,029  INFO [main] Verify:135 - Element is Enabled!
2021-04-07 19:20:48,044  INFO [main] Click:30 - Click element [onlineBanking.backoffice.accountsSearchPage.activeUserID]
2021-04-07 19:20:48,044  INFO [main] Screenshot:22 - Capture screenshot
2021-04-07 19:20:48,362  INFO [main] Screenshot:28 - Captured!
2021-04-07 19:20:48,481  INFO [main] Click:34 - Click Successful!
2021-04-07 19:20:50,494  INFO [main] Click:30 - Click element [onlineBanking.backoffice.accounts.accounts.clientUser.activeAccount]
2021-04-07 19:20:50,494  INFO [main] Screenshot:22 - Capture screenshot
2021-04-07 19:20:50,861  INFO [main] Screenshot:28 - Captured!
2021-04-07 19:20:51,026  INFO [main] Click:34 - Click Successful!
2021-04-07 19:20:51,027  INFO [main] Verify:22 - Verify element [onlineBanking.backoffice.accounts.clientUser.fundTransferLog] is present
2021-04-07 19:20:51,043  INFO [main] Verify:24 - Element is present!
2021-04-07 19:20:51,044  INFO [main] Click:30 - Click element [onlineBanking.backoffice.accounts.clientUser.fundTransferLog]
2021-04-07 19:20:51,044  INFO [main] Screenshot:22 - Capture screenshot
2021-04-07 19:20:51,512  INFO [main] Screenshot:28 - Captured!
2021-04-07 19:20:52,585  INFO [main] Click:39 - Error while clicking the element onlineBanking.backoffice.accounts.clientUser.fundTransferLog
2021-04-07 19:20:52,600 ERROR [main] StepsBase:27 - S C E N A R I O    F A I L E D !!!!!
2021-04-07 19:20:52,600  INFO [main] Screenshot:22 - Capture screenshot
2021-04-07 19:20:53,042  INFO [main] Screenshot:28 - Captured!
2021-04-07 19:20:53,958  INFO [main] Test:48 - Report is generated @ emailable-results\Run-4062/Automation-Dashboard.html
