2021-04-08 00:14:00,742  INFO [main] RunManager:23 - Hey! 9071, Logging everything from here ....
2021-04-08 00:14:00,750  INFO [main] RunManager:24 - Run ID is --> Run-4069
2021-04-08 00:14:01,103  INFO [main] StepsBase:19 - Executing S C E N A R I O : TSBO02_Validation of Fund transfer logs for BRM user
2021-04-08 00:14:10,840  INFO [main] Type:15 - Type the value [SubhaBrm] into element [onlineBanking.backoffice.login.username]
2021-04-08 00:14:11,195  INFO [main] Type:19 - Type Successful!
2021-04-08 00:14:12,199  INFO [main] Type:15 - Type the value [p@55w0rd] into element [onlineBanking.backoffice.login.password]
2021-04-08 00:14:12,355  INFO [main] Type:19 - Type Successful!
2021-04-08 00:14:22,521  INFO [main] Click:30 - Click element [onlineBanking.backoffice.homePage.accounts]
2021-04-08 00:14:22,521  INFO [main] Screenshot:22 - Capture screenshot
2021-04-08 00:14:22,990  INFO [main] Screenshot:28 - Captured!
2021-04-08 00:14:23,142  INFO [main] Click:34 - Click Successful!
2021-04-08 00:14:25,145  INFO [main] Click:30 - Click element [onlineBanking.backoffice.accountsPage.manageClients]
2021-04-08 00:14:25,145  INFO [main] Screenshot:22 - Capture screenshot
2021-04-08 00:14:25,552  INFO [main] Screenshot:28 - Captured!
2021-04-08 00:14:25,691  INFO [main] Click:34 - Click Successful!
2021-04-08 00:14:27,711  INFO [main] Click:30 - Click element [onlineBanking.backoffice.accountSearchPage.search]
2021-04-08 00:14:27,712  INFO [main] Screenshot:22 - Capture screenshot
2021-04-08 00:14:28,063  INFO [main] Screenshot:28 - Captured!
2021-04-08 00:14:28,129  INFO [main] Click:34 - Click Successful!
2021-04-08 00:14:30,139  INFO [main] Type:15 - Type the value [cbautotest1] into element [onlineBanking.backoffice.accountSearchPage.search]
2021-04-08 00:14:30,290  INFO [main] Type:19 - Type Successful!
2021-04-08 00:14:34,456  INFO [main] Verify:130 - Verify element [onlineBanking.backoffice.accountsSearchPage.activeUserID] is Enabled
2021-04-08 00:14:34,508  INFO [main] Verify:135 - Element is Enabled!
2021-04-08 00:14:36,512  INFO [main] Click:30 - Click element [onlineBanking.backoffice.accountsSearchPage.activeUserID]
2021-04-08 00:14:36,512  INFO [main] Screenshot:22 - Capture screenshot
2021-04-08 00:14:36,862  INFO [main] Screenshot:28 - Captured!
2021-04-08 00:14:37,113  INFO [main] Click:34 - Click Successful!
2021-04-08 00:14:39,117  INFO [main] Click:30 - Click element [onlineBanking.backoffice.accounts.accounts.clientUser.activeAccount]
2021-04-08 00:14:39,117  INFO [main] Screenshot:22 - Capture screenshot
2021-04-08 00:14:39,537  INFO [main] Screenshot:28 - Captured!
2021-04-08 00:14:39,765  INFO [main] Click:34 - Click Successful!
2021-04-08 00:14:44,771  INFO [main] Verify:22 - Verify element [onlineBanking.backoffice.accounts.clientUser.fundTransferLog] is present
2021-04-08 00:14:44,790  INFO [main] Verify:24 - Element is present!
2021-04-08 00:14:49,905  INFO [main] Verify:22 - Verify element [onlineBanking.backoffice.accounts.clientUser.EmailBtn] is present
2021-04-08 00:14:49,929  INFO [main] Verify:24 - Element is present!
2021-04-08 00:14:49,929  INFO [main] Click:30 - Click element [onlineBanking.backoffice.accounts.clientUser.EmailBtn]
2021-04-08 00:14:49,929  INFO [main] Screenshot:22 - Capture screenshot
2021-04-08 00:14:50,419  INFO [main] Screenshot:28 - Captured!
2021-04-08 00:14:50,600  INFO [main] Click:34 - Click Successful!
2021-04-08 00:14:50,600  INFO [main] Click:30 - Click element [onlineBanking.backoffice.common.NoBtn]
2021-04-08 00:14:50,601  INFO [main] Screenshot:22 - Capture screenshot
2021-04-08 00:14:51,161  INFO [main] Screenshot:28 - Captured!
2021-04-08 00:14:51,252  INFO [main] Click:34 - Click Successful!
2021-04-08 00:14:53,255  INFO [main] Verify:22 - Verify element [onlineBanking.backoffice.accounts.clientUser.Email&SMSBtn] is present
2021-04-08 00:14:53,285  INFO [main] Verify:24 - Element is present!
2021-04-08 00:14:53,285  INFO [main] Click:30 - Click element [onlineBanking.backoffice.accounts.clientUser.Email&SMSBtn]
2021-04-08 00:14:53,285  INFO [main] Screenshot:22 - Capture screenshot
2021-04-08 00:14:53,790  INFO [main] Screenshot:28 - Captured!
2021-04-08 00:14:53,884  INFO [main] Click:34 - Click Successful!
2021-04-08 00:14:53,884  INFO [main] Click:30 - Click element [onlineBanking.backoffice.common.NoBtn]
2021-04-08 00:14:53,884  INFO [main] Screenshot:22 - Capture screenshot
2021-04-08 00:14:54,371  INFO [main] Screenshot:28 - Captured!
2021-04-08 00:14:54,475  INFO [main] Click:34 - Click Successful!
2021-04-08 00:14:56,480  INFO [main] Verify:22 - Verify element [onlineBanking.backoffice.accounts.clientUser.SMSBtn] is present
2021-04-08 00:14:56,503  INFO [main] Verify:24 - Element is present!
2021-04-08 00:14:56,503  INFO [main] Click:30 - Click element [onlineBanking.backoffice.accounts.clientUser.SMSBtn]
2021-04-08 00:14:56,503  INFO [main] Screenshot:22 - Capture screenshot
2021-04-08 00:14:56,930  INFO [main] Screenshot:28 - Captured!
2021-04-08 00:14:57,065  INFO [main] Click:34 - Click Successful!
2021-04-08 00:14:57,065  INFO [main] Click:30 - Click element [onlineBanking.backoffice.common.NoBtn]
2021-04-08 00:14:57,065  INFO [main] Screenshot:22 - Capture screenshot
2021-04-08 00:14:57,654  INFO [main] Screenshot:28 - Captured!
2021-04-08 00:14:57,774  INFO [main] Click:34 - Click Successful!
2021-04-08 00:14:59,784  INFO [main] Click:30 - Click element [onlineBanking.backoffice.homePage.accounts]
2021-04-08 00:14:59,784  INFO [main] Screenshot:22 - Capture screenshot
2021-04-08 00:15:00,293  INFO [main] Screenshot:28 - Captured!
2021-04-08 00:15:01,391  INFO [main] Click:39 - Error while clicking the element onlineBanking.backoffice.homePage.accounts
2021-04-08 00:15:01,415 ERROR [main] StepsBase:27 - S C E N A R I O    F A I L E D !!!!!
2021-04-08 00:15:01,416  INFO [main] Screenshot:22 - Capture screenshot
2021-04-08 00:15:01,923  INFO [main] Screenshot:28 - Captured!
2021-04-08 00:15:03,222  INFO [main] Test:48 - Report is generated @ emailable-results\Run-4069/Automation-Dashboard.html
