2021-04-09 12:32:18,119  INFO [main] RunManager:23 - Hey! Manager, Logging everything from here ....
2021-04-09 12:32:18,123  INFO [main] RunManager:24 - Run ID is --> Run-4076
2021-04-09 12:32:18,324  INFO [main] StepsBase:16 - Executing S C E N A R I O : TSB001_Validation of Manage clients tab for BRM user
2021-04-09 12:32:27,547  INFO [main] Type:15 - Type the value [SubhaBrm] into element [onlineBanking.backoffice.login.username]
2021-04-09 12:32:27,894  INFO [main] Type:19 - Type Successful!
2021-04-09 12:32:28,896  INFO [main] Type:15 - Type the value [p@55w0rd] into element [onlineBanking.backoffice.login.password]
2021-04-09 12:32:29,132  INFO [main] Type:19 - Type Successful!
2021-04-09 12:32:39,193  INFO [main] Click:30 - Click element [onlineBanking.backoffice.homePage.accounts]
2021-04-09 12:32:39,194  INFO [main] Screenshot:22 - Capture screenshot
2021-04-09 12:32:39,556  INFO [main] Screenshot:28 - Captured!
2021-04-09 12:32:39,636  INFO [main] Click:34 - Click Successful!
2021-04-09 12:32:41,637  INFO [main] Click:30 - Click element [onlineBanking.backoffice.accountsPage.manageClients]
2021-04-09 12:32:41,637  INFO [main] Screenshot:22 - Capture screenshot
2021-04-09 12:32:41,993  INFO [main] Screenshot:28 - Captured!
2021-04-09 12:32:42,072  INFO [main] Click:34 - Click Successful!
2021-04-09 12:32:44,081  INFO [main] Click:30 - Click element [onlineBanking.backoffice.accountSearchPage.search]
2021-04-09 12:32:44,082  INFO [main] Screenshot:22 - Capture screenshot
2021-04-09 12:32:44,411  INFO [main] Screenshot:28 - Captured!
2021-04-09 12:32:44,467  INFO [main] Click:34 - Click Successful!
2021-04-09 12:32:46,469  INFO [main] Type:15 - Type the value [Subha1] into element [onlineBanking.backoffice.accountSearchPage.search]
2021-04-09 12:32:46,536  INFO [main] Type:19 - Type Successful!
2021-04-09 12:32:50,587  INFO [main] Verify:130 - Verify element [onlineBanking.backoffice.accountsSearchPage.activeUserID] is Enabled
2021-04-09 12:32:50,610  INFO [main] Verify:135 - Element is Enabled!
2021-04-09 12:32:52,611  INFO [main] Type:15 - Type the value [Krish1] into element [onlineBanking.backoffice.accountSearchPage.search]
2021-04-09 12:32:52,679  INFO [main] Type:19 - Type Successful!
2021-04-09 12:32:56,715  INFO [main] Verify:130 - Verify element [onlineBanking.backoffice.accountsSearchPage.activeUserID] is Enabled
2021-04-09 12:32:56,727  INFO [main] Verify:135 - Element is Enabled!
2021-04-09 12:32:58,728  INFO [main] Type:15 - Type the value [9177164171] into element [onlineBanking.backoffice.accountSearchPage.search]
2021-04-09 12:32:58,801  INFO [main] Type:19 - Type Successful!
2021-04-09 12:33:02,832  INFO [main] Verify:130 - Verify element [onlineBanking.backoffice.accountsSearchPage.activeUserID] is Enabled
2021-04-09 12:33:02,846  INFO [main] Verify:135 - Element is Enabled!
2021-04-09 12:33:04,847  INFO [main] Type:15 - Type the value [mamsar_das@yahoo.com] into element [onlineBanking.backoffice.accountSearchPage.search]
2021-04-09 12:33:04,938  INFO [main] Type:19 - Type Successful!
2021-04-09 12:33:08,970  INFO [main] Verify:130 - Verify element [onlineBanking.backoffice.accountsSearchPage.activeUserID] is Enabled
2021-04-09 12:33:08,983  INFO [main] Verify:135 - Element is Enabled!
2021-04-09 12:33:10,984  INFO [main] Type:15 - Type the value [101190027727] into element [onlineBanking.backoffice.accountSearchPage.search]
2021-04-09 12:33:11,074  INFO [main] Type:19 - Type Successful!
2021-04-09 12:33:15,108  INFO [main] Verify:130 - Verify element [onlineBanking.backoffice.accountsSearchPage.activeUserID] is Enabled
2021-04-09 12:33:15,122  INFO [main] Verify:135 - Element is Enabled!
2021-04-09 12:33:17,123  INFO [main] Type:15 - Type the value [123456789123] into element [onlineBanking.backoffice.accountSearchPage.search]
2021-04-09 12:33:17,203  INFO [main] Type:19 - Type Successful!
2021-04-09 12:33:19,442  INFO [main] Verify:215 - Verification success, Element onlineBanking.backoffice.accountsSearchPage.activeUserID not exist in the page
2021-04-09 12:33:21,445  INFO [main] Click:30 - Click element [onlineBanking.backoffice.homePage.accounts]
2021-04-09 12:33:21,445  INFO [main] Screenshot:22 - Capture screenshot
2021-04-09 12:33:21,770  INFO [main] Screenshot:28 - Captured!
2021-04-09 12:33:21,832  INFO [main] Click:34 - Click Successful!
2021-04-09 12:33:22,833  INFO [main] Click:30 - Click element [onlineBanking.backoffice.homepage.logout]
2021-04-09 12:33:22,833  INFO [main] Screenshot:22 - Capture screenshot
2021-04-09 12:33:23,173  INFO [main] Screenshot:28 - Captured!
2021-04-09 12:33:23,223  INFO [main] Click:34 - Click Successful!
2021-04-09 12:33:24,167  INFO [main] StepsBase:16 - Executing S C E N A R I O : TSBO02_Validation of Fund transfer logs for BRM user
2021-04-09 12:33:33,025  INFO [main] Type:15 - Type the value [SubhaBrm] into element [onlineBanking.backoffice.login.username]
2021-04-09 12:33:33,148  INFO [main] Type:19 - Type Successful!
2021-04-09 12:33:34,149  INFO [main] Type:15 - Type the value [p@55w0rd] into element [onlineBanking.backoffice.login.password]
2021-04-09 12:33:34,338  INFO [main] Type:19 - Type Successful!
2021-04-09 12:33:44,385  INFO [main] Click:30 - Click element [onlineBanking.backoffice.homePage.accounts]
2021-04-09 12:33:44,385  INFO [main] Screenshot:22 - Capture screenshot
2021-04-09 12:33:44,738  INFO [main] Screenshot:28 - Captured!
2021-04-09 12:33:44,819  INFO [main] Click:34 - Click Successful!
2021-04-09 12:33:46,819  INFO [main] Click:30 - Click element [onlineBanking.backoffice.accountsPage.manageClients]
2021-04-09 12:33:46,819  INFO [main] Screenshot:22 - Capture screenshot
2021-04-09 12:33:47,146  INFO [main] Screenshot:28 - Captured!
2021-04-09 12:33:47,216  INFO [main] Click:34 - Click Successful!
2021-04-09 12:33:49,220  INFO [main] Click:30 - Click element [onlineBanking.backoffice.accountSearchPage.search]
2021-04-09 12:33:49,220  INFO [main] Screenshot:22 - Capture screenshot
2021-04-09 12:33:49,524  INFO [main] Screenshot:28 - Captured!
2021-04-09 12:33:49,569  INFO [main] Click:34 - Click Successful!
2021-04-09 12:33:51,570  INFO [main] Type:15 - Type the value [cbautotest1] into element [onlineBanking.backoffice.accountSearchPage.search]
2021-04-09 12:33:51,642  INFO [main] Type:19 - Type Successful!
2021-04-09 12:33:55,686  INFO [main] Verify:130 - Verify element [onlineBanking.backoffice.accountsSearchPage.activeUserID] is Enabled
2021-04-09 12:33:55,704  INFO [main] Verify:135 - Element is Enabled!
2021-04-09 12:33:57,704  INFO [main] Click:30 - Click element [onlineBanking.backoffice.accountsSearchPage.activeUserID]
2021-04-09 12:33:57,704  INFO [main] Screenshot:22 - Capture screenshot
2021-04-09 12:33:58,089  INFO [main] Screenshot:28 - Captured!
2021-04-09 12:33:58,217  INFO [main] Click:34 - Click Successful!
2021-04-09 12:34:00,219  INFO [main] Click:30 - Click element [onlineBanking.backoffice.accounts.accounts.clientUser.activeAccount]
2021-04-09 12:34:00,219  INFO [main] Screenshot:22 - Capture screenshot
2021-04-09 12:34:00,623  INFO [main] Screenshot:28 - Captured!
2021-04-09 12:34:06,994  INFO [main] Click:34 - Click Successful!
2021-04-09 12:34:07,979  INFO [main] Test:48 - Report is generated @ emailable-results\Run-4076/Automation-Dashboard.html
